[3/18/2021, 7:59:45 PM] info: {}
[3/18/2021, 7:59:45 PM] info: GET 304 /api/cashiers/TargetCashiers2 {} body {} size - - 188.165 ms

[3/18/2021, 8:41:12 PM] info: {}
[3/18/2021, 8:41:12 PM] info: GET 500 /api/cashiers/TargetCashiers2 {} body - size 1545 - 147.788 ms

[3/18/2021, 8:41:58 PM] info: {}
[3/18/2021, 8:41:58 PM] info: [object Object]
[3/18/2021, 8:41:58 PM] info: GET 200 /api/cashiers/TargetCashiers2 {} body {} size 987 - 44.948 ms

[3/18/2021, 8:47:19 PM] info: {}
[3/18/2021, 8:47:19 PM] info: [object Object]
[3/18/2021, 8:47:19 PM] error: uncaughtException: tokens.response is not a function
TypeError: tokens.response is not a function
    at eval (eval at compile (/home/iryna/Стільниця/cashiers/node_modules/morgan/index.js:411:10), <anonymous>:12:24)
    at Array.logRequest (/home/iryna/Стільниця/cashiers/node_modules/morgan/index.js:122:18)
    at listener (/home/iryna/Стільниця/cashiers/node_modules/on-finished/index.js:169:15)
    at onFinish (/home/iryna/Стільниця/cashiers/node_modules/on-finished/index.js:100:5)
    at callback (/home/iryna/Стільниця/cashiers/node_modules/ee-first/index.js:55:10)
    at ServerResponse.onevent (/home/iryna/Стільниця/cashiers/node_modules/ee-first/index.js:93:5)
    at ServerResponse.emit (events.js:214:15)
    at onFinish (_http_outgoing.js:686:10)
    at afterWrite (_stream_writable.js:496:3)
    at processTicksAndRejections (internal/process/task_queues.js:77:11)
[3/18/2021, 9:41:01 PM] info: {}
[3/18/2021, 9:41:01 PM] info: [object Object],[object Object]
[3/18/2021, 9:41:01 PM] info: GET 304 /api/cashiers/TargetCashiers2 {} body {} size - - 48.078 ms 

[3/18/2021, 9:41:52 PM] info: [object Object],[object Object]
[3/18/2021, 9:41:52 PM] info: GET 304 /api/cashiers/TargetCashiers2 {} body {} size - - 8.233 ms 

[3/18/2021, 9:43:35 PM] info: [object Object],[object Object]
[3/18/2021, 9:43:35 PM] error: uncaughtException: tokens.query is not a function
TypeError: tokens.query is not a function
    at eval (eval at compile (/home/iryna/Стільниця/cashiers/node_modules/morgan/index.js:411:10), <anonymous>:8:21)
    at Array.logRequest (/home/iryna/Стільниця/cashiers/node_modules/morgan/index.js:122:18)
    at listener (/home/iryna/Стільниця/cashiers/node_modules/on-finished/index.js:169:15)
    at onFinish (/home/iryna/Стільниця/cashiers/node_modules/on-finished/index.js:100:5)
    at callback (/home/iryna/Стільниця/cashiers/node_modules/ee-first/index.js:55:10)
    at ServerResponse.onevent (/home/iryna/Стільниця/cashiers/node_modules/ee-first/index.js:93:5)
    at ServerResponse.emit (events.js:214:15)
    at onFinish (_http_outgoing.js:686:10)
    at afterWrite (_stream_writable.js:496:3)
    at processTicksAndRejections (internal/process/task_queues.js:77:11)
[3/18/2021, 9:51:38 PM] info: GET 500 /api/cashiers/ {} body {} size 2525 - 23.149 ms

[3/18/2021, 9:51:38 PM] info: Unhandled Rejection reason: Cannot set headers after they are sent to the client
[3/18/2021, 9:52:34 PM] info: GET 500 /api/cashiers/ {} body {} size - - 14.919 ms

[3/18/2021, 9:52:34 PM] info: Unhandled Rejection reason: Cannot set headers after they are sent to the client
[3/18/2021, 9:54:27 PM] info: {}
[3/18/2021, 9:54:27 PM] info: GET 500 /api/cashiers/ {} body {} size - - 49.694 ms

[3/18/2021, 9:56:29 PM] info: {}
[3/18/2021, 9:56:29 PM] info: GET 500 /api/cashiers/ {} body {} size 202 - 64.248 ms

[3/18/2021, 9:56:33 PM] info: {}
[3/18/2021, 9:56:33 PM] info: GET 500 /api/cashiers/ {} body {} size 202 - 10.804 ms

[3/18/2021, 9:57:42 PM] info: {}
[3/18/2021, 9:57:42 PM] info: GET 500 /api/cashiers/TargetCashiers1 {} body {} size 202 - 37.903 ms

[3/18/2021, 10:00:07 PM] info: {}
[3/18/2021, 10:00:07 PM] info: GET 500 /api/cashiers/ {} body {} size 2525 - 19.881 ms

[3/18/2021, 10:01:18 PM] info: {}
[3/18/2021, 10:01:18 PM] info: [{"id":1,"name":"Bred","age":23,"sex":"male","shop":{"name":"ATB","address":"Vulytsya Vesnyana, Boryslav, Lviv Oblast, 82300"},"yearsOfExperience":12,"shopsOfExperience":[{"name":"Arsen","address":"Boryslav, Lviv Oblast, 82300"},{"name":"Silpo","address":"Vulytsya Vesn, Boryslav, Lviv Oblast, 82300"}],"cashRegister":1,"schedule":[["Monday","07:00 - 23:00"],["Tuesday","23:00 - 07:00"],["Thursday","07:00 - 23:00"],["Friday","07:00 - 23:00"],["Saturday","23:00 - 07:00"],["Sunday","07:00 - 23:00"]]},{"id":2,"name":"Nataly","age":43,"sex":"female","shop":{"name":"ATB","address":"Vulytsya Zolota, 7, Brody, Lviv Oblast, 80601"},"yearsOfExperience":2,"shopsOfExperience":[{"name":"Silpo","address":"Vulytsya Vesnyana, Boryslav, Lviv Oblast, 82300"},{"name":"ATB","address":"Vulytsya Vesn, Lviv , 82300"}],"cashRegister":3,"schedule":[["Monday","23:00 - 07:00"],["Tuesday","07:00 - 23:00"],["Wednesday","07:00 - 23:00"],["Saturday","23:00 - 07:00"],["Sunday","07:00 - 23:00"]]},{"id":3,"name":"Ted","age":33,"sex":"male","shop":{"name":"ATB","address":"Naberezhna im. Vasylya Stefanyka St, 32, Ivano-Frankivsk, Ivano-Frankivsk Oblast, 76000"},"yearsOfExperience":14,"shopsOfExperience":[{"name":"Arsen","address":"Vulytsya Resnyana, Ivano-Frankivsk Oblast, 82300"},{"name":"ATB","address":"Vulytsya Vesnyana, Boryslav, Lviv Oblast, 82300"}],"cashRegister":2,"schedule":[["Monday","07:00 - 23:00"],["Tuesday","23:00 - 07:00"],["Wednesday","07:00 - 23:00"],["Friday","07:00 - 23:00"],["Saturday","23:00 - 07:00"],["Sunday","07:00 - 23:00"]]},{"id":4,"name":"Taniy","age":19,"sex":"male","shop":{"name":"ATB","address":"Shevenka, 100, Lviv Oblast"},"yearsOfExperience":4,"shopsOfExperience":[{"name":"FSF","address":"Vulytsya Vesnyana, Boryslav, Lviv Oblast, 82300"},{"name":"ATB","address":"Vulytsya Vesnyana, Boryslav, Lviv Oblast, 82300"}],"cashRegister":3,"schedule":[["Monday","23:00 - 07:00"],["Tuesday","23:00 - 07:00"],["Wednesday","07:00 - 23:00"],["Thursday","23:00 - 07:00"],["Friday","07:00 - 23:00"],["Saturday","23:00 - 07:00"]]},{"id":5,"name":"Tonia","age":46,"sex":"female","shop":{"name":"ATB","address":"Shevenka, 100, Lviv Oblast"},"yearsOfExperience":3,"shopsOfExperience":[{"name":"Silpo","address":"Vulytsya Vesnyana, Lviv , 82300"},{"name":"Arsen","address":"Vulytsya Dana, Boryslav, Lviv Oblast, 82300"}],"cashRegister":5,"schedule":[["Monday","23:00 - 07:00"],["Tuesday","23:00 - 07:00"],["Wednesday","07:00 - 23:00"],["Thursday","07:00 - 23:00"],["Friday","23:00 - 07:00"],["Sunday","07:00 - 23:00"]]}]
[3/18/2021, 10:01:18 PM] info: GET 304 /api/cashiers/ {} body {} size - - 44.914 ms

[3/18/2021, 10:01:48 PM] info: {}
[3/18/2021, 10:01:48 PM] info: [{"id":1,"name":"Bred","age":23,"sex":"male","shop":{"name":"ATB","address":"Vulytsya Vesnyana, Boryslav, Lviv Oblast, 82300"},"yearsOfExperience":12,"shopsOfExperience":[{"name":"Arsen","address":"Boryslav, Lviv Oblast, 82300"},{"name":"Silpo","address":"Vulytsya Vesn, Boryslav, Lviv Oblast, 82300"}],"cashRegister":1,"schedule":[["Monday","07:00 - 23:00"],["Tuesday","23:00 - 07:00"],["Thursday","07:00 - 23:00"],["Friday","07:00 - 23:00"],["Saturday","23:00 - 07:00"],["Sunday","07:00 - 23:00"]]},{"id":2,"name":"Nataly","age":43,"sex":"female","shop":{"name":"ATB","address":"Vulytsya Zolota, 7, Brody, Lviv Oblast, 80601"},"yearsOfExperience":2,"shopsOfExperience":[{"name":"Silpo","address":"Vulytsya Vesnyana, Boryslav, Lviv Oblast, 82300"},{"name":"ATB","address":"Vulytsya Vesn, Lviv , 82300"}],"cashRegister":3,"schedule":[["Monday","23:00 - 07:00"],["Tuesday","07:00 - 23:00"],["Wednesday","07:00 - 23:00"],["Saturday","23:00 - 07:00"],["Sunday","07:00 - 23:00"]]},{"id":3,"name":"Ted","age":33,"sex":"male","shop":{"name":"ATB","address":"Naberezhna im. Vasylya Stefanyka St, 32, Ivano-Frankivsk, Ivano-Frankivsk Oblast, 76000"},"yearsOfExperience":14,"shopsOfExperience":[{"name":"Arsen","address":"Vulytsya Resnyana, Ivano-Frankivsk Oblast, 82300"},{"name":"ATB","address":"Vulytsya Vesnyana, Boryslav, Lviv Oblast, 82300"}],"cashRegister":2,"schedule":[["Monday","07:00 - 23:00"],["Tuesday","23:00 - 07:00"],["Wednesday","07:00 - 23:00"],["Friday","07:00 - 23:00"],["Saturday","23:00 - 07:00"],["Sunday","07:00 - 23:00"]]},{"id":4,"name":"Taniy","age":19,"sex":"male","shop":{"name":"ATB","address":"Shevenka, 100, Lviv Oblast"},"yearsOfExperience":4,"shopsOfExperience":[{"name":"FSF","address":"Vulytsya Vesnyana, Boryslav, Lviv Oblast, 82300"},{"name":"ATB","address":"Vulytsya Vesnyana, Boryslav, Lviv Oblast, 82300"}],"cashRegister":3,"schedule":[["Monday","23:00 - 07:00"],["Tuesday","23:00 - 07:00"],["Wednesday","07:00 - 23:00"],["Thursday","23:00 - 07:00"],["Friday","07:00 - 23:00"],["Saturday","23:00 - 07:00"]]},{"id":5,"name":"Tonia","age":46,"sex":"female","shop":{"name":"ATB","address":"Shevenka, 100, Lviv Oblast"},"yearsOfExperience":3,"shopsOfExperience":[{"name":"Silpo","address":"Vulytsya Vesnyana, Lviv , 82300"},{"name":"Arsen","address":"Vulytsya Dana, Boryslav, Lviv Oblast, 82300"}],"cashRegister":5,"schedule":[["Monday","23:00 - 07:00"],["Tuesday","23:00 - 07:00"],["Wednesday","07:00 - 23:00"],["Thursday","07:00 - 23:00"],["Friday","23:00 - 07:00"],["Sunday","07:00 - 23:00"]]}]
[3/18/2021, 10:01:48 PM] info: GET 304 /api/cashiers/ {} body {} size - - 46.815 ms

[3/18/2021, 10:02:11 PM] info: {}
[3/18/2021, 10:02:11 PM] info: [{"id":1,"name":"Bred","age":23,"sex":"male","shop":{"name":"ATB","address":"Vulytsya Vesnyana, Boryslav, Lviv Oblast, 82300"},"yearsOfExperience":12,"shopsOfExperience":[{"name":"Arsen","address":"Boryslav, Lviv Oblast, 82300"},{"name":"Silpo","address":"Vulytsya Vesn, Boryslav, Lviv Oblast, 82300"}],"cashRegister":1,"schedule":[["Monday","07:00 - 23:00"],["Tuesday","23:00 - 07:00"],["Thursday","07:00 - 23:00"],["Friday","07:00 - 23:00"],["Saturday","23:00 - 07:00"],["Sunday","07:00 - 23:00"]]},{"id":2,"name":"Nataly","age":43,"sex":"female","shop":{"name":"ATB","address":"Vulytsya Zolota, 7, Brody, Lviv Oblast, 80601"},"yearsOfExperience":2,"shopsOfExperience":[{"name":"Silpo","address":"Vulytsya Vesnyana, Boryslav, Lviv Oblast, 82300"},{"name":"ATB","address":"Vulytsya Vesn, Lviv , 82300"}],"cashRegister":3,"schedule":[["Monday","23:00 - 07:00"],["Tuesday","07:00 - 23:00"],["Wednesday","07:00 - 23:00"],["Saturday","23:00 - 07:00"],["Sunday","07:00 - 23:00"]]},{"id":3,"name":"Ted","age":33,"sex":"male","shop":{"name":"ATB","address":"Naberezhna im. Vasylya Stefanyka St, 32, Ivano-Frankivsk, Ivano-Frankivsk Oblast, 76000"},"yearsOfExperience":14,"shopsOfExperience":[{"name":"Arsen","address":"Vulytsya Resnyana, Ivano-Frankivsk Oblast, 82300"},{"name":"ATB","address":"Vulytsya Vesnyana, Boryslav, Lviv Oblast, 82300"}],"cashRegister":2,"schedule":[["Monday","07:00 - 23:00"],["Tuesday","23:00 - 07:00"],["Wednesday","07:00 - 23:00"],["Friday","07:00 - 23:00"],["Saturday","23:00 - 07:00"],["Sunday","07:00 - 23:00"]]},{"id":4,"name":"Taniy","age":19,"sex":"male","shop":{"name":"ATB","address":"Shevenka, 100, Lviv Oblast"},"yearsOfExperience":4,"shopsOfExperience":[{"name":"FSF","address":"Vulytsya Vesnyana, Boryslav, Lviv Oblast, 82300"},{"name":"ATB","address":"Vulytsya Vesnyana, Boryslav, Lviv Oblast, 82300"}],"cashRegister":3,"schedule":[["Monday","23:00 - 07:00"],["Tuesday","23:00 - 07:00"],["Wednesday","07:00 - 23:00"],["Thursday","23:00 - 07:00"],["Friday","07:00 - 23:00"],["Saturday","23:00 - 07:00"]]},{"id":5,"name":"Tonia","age":46,"sex":"female","shop":{"name":"ATB","address":"Shevenka, 100, Lviv Oblast"},"yearsOfExperience":3,"shopsOfExperience":[{"name":"Silpo","address":"Vulytsya Vesnyana, Lviv , 82300"},{"name":"Arsen","address":"Vulytsya Dana, Boryslav, Lviv Oblast, 82300"}],"cashRegister":5,"schedule":[["Monday","23:00 - 07:00"],["Tuesday","23:00 - 07:00"],["Wednesday","07:00 - 23:00"],["Thursday","07:00 - 23:00"],["Friday","23:00 - 07:00"],["Sunday","07:00 - 23:00"]]}]
[3/18/2021, 10:02:11 PM] info: GET 304 /api/cashiers/ {} body {} size - - 5.013 ms

[3/18/2021, 10:02:12 PM] info: {}
[3/18/2021, 10:02:12 PM] info: [{"id":1,"name":"Bred","age":23,"sex":"male","shop":{"name":"ATB","address":"Vulytsya Vesnyana, Boryslav, Lviv Oblast, 82300"},"yearsOfExperience":12,"shopsOfExperience":[{"name":"Arsen","address":"Boryslav, Lviv Oblast, 82300"},{"name":"Silpo","address":"Vulytsya Vesn, Boryslav, Lviv Oblast, 82300"}],"cashRegister":1,"schedule":[["Monday","07:00 - 23:00"],["Tuesday","23:00 - 07:00"],["Thursday","07:00 - 23:00"],["Friday","07:00 - 23:00"],["Saturday","23:00 - 07:00"],["Sunday","07:00 - 23:00"]]},{"id":2,"name":"Nataly","age":43,"sex":"female","shop":{"name":"ATB","address":"Vulytsya Zolota, 7, Brody, Lviv Oblast, 80601"},"yearsOfExperience":2,"shopsOfExperience":[{"name":"Silpo","address":"Vulytsya Vesnyana, Boryslav, Lviv Oblast, 82300"},{"name":"ATB","address":"Vulytsya Vesn, Lviv , 82300"}],"cashRegister":3,"schedule":[["Monday","23:00 - 07:00"],["Tuesday","07:00 - 23:00"],["Wednesday","07:00 - 23:00"],["Saturday","23:00 - 07:00"],["Sunday","07:00 - 23:00"]]},{"id":3,"name":"Ted","age":33,"sex":"male","shop":{"name":"ATB","address":"Naberezhna im. Vasylya Stefanyka St, 32, Ivano-Frankivsk, Ivano-Frankivsk Oblast, 76000"},"yearsOfExperience":14,"shopsOfExperience":[{"name":"Arsen","address":"Vulytsya Resnyana, Ivano-Frankivsk Oblast, 82300"},{"name":"ATB","address":"Vulytsya Vesnyana, Boryslav, Lviv Oblast, 82300"}],"cashRegister":2,"schedule":[["Monday","07:00 - 23:00"],["Tuesday","23:00 - 07:00"],["Wednesday","07:00 - 23:00"],["Friday","07:00 - 23:00"],["Saturday","23:00 - 07:00"],["Sunday","07:00 - 23:00"]]},{"id":4,"name":"Taniy","age":19,"sex":"male","shop":{"name":"ATB","address":"Shevenka, 100, Lviv Oblast"},"yearsOfExperience":4,"shopsOfExperience":[{"name":"FSF","address":"Vulytsya Vesnyana, Boryslav, Lviv Oblast, 82300"},{"name":"ATB","address":"Vulytsya Vesnyana, Boryslav, Lviv Oblast, 82300"}],"cashRegister":3,"schedule":[["Monday","23:00 - 07:00"],["Tuesday","23:00 - 07:00"],["Wednesday","07:00 - 23:00"],["Thursday","23:00 - 07:00"],["Friday","07:00 - 23:00"],["Saturday","23:00 - 07:00"]]},{"id":5,"name":"Tonia","age":46,"sex":"female","shop":{"name":"ATB","address":"Shevenka, 100, Lviv Oblast"},"yearsOfExperience":3,"shopsOfExperience":[{"name":"Silpo","address":"Vulytsya Vesnyana, Lviv , 82300"},{"name":"Arsen","address":"Vulytsya Dana, Boryslav, Lviv Oblast, 82300"}],"cashRegister":5,"schedule":[["Monday","23:00 - 07:00"],["Tuesday","23:00 - 07:00"],["Wednesday","07:00 - 23:00"],["Thursday","07:00 - 23:00"],["Friday","23:00 - 07:00"],["Sunday","07:00 - 23:00"]]}]
[3/18/2021, 10:02:12 PM] info: GET 304 /api/cashiers/ {} body {} size - - 4.027 ms

[3/18/2021, 10:02:26 PM] info: {}
[3/18/2021, 10:02:26 PM] info: [{"id":4,"name":"Taniy","age":19,"sex":"male","shop":{"name":"ATB","address":"Shevenka, 100, Lviv Oblast"},"yearsOfExperience":4,"shopsOfExperience":[{"name":"FSF","address":"Vulytsya Vesnyana, Boryslav, Lviv Oblast, 82300"},{"name":"ATB","address":"Vulytsya Vesnyana, Boryslav, Lviv Oblast, 82300"}],"cashRegister":3,"schedule":[["Monday","23:00 - 07:00"],["Tuesday","23:00 - 07:00"],["Wednesday","07:00 - 23:00"],["Thursday","23:00 - 07:00"],["Friday","07:00 - 23:00"],["Saturday","23:00 - 07:00"]]},{"id":5,"name":"Tonia","age":46,"sex":"female","shop":{"name":"ATB","address":"Shevenka, 100, Lviv Oblast"},"yearsOfExperience":3,"shopsOfExperience":[{"name":"Silpo","address":"Vulytsya Vesnyana, Lviv , 82300"},{"name":"Arsen","address":"Vulytsya Dana, Boryslav, Lviv Oblast, 82300"}],"cashRegister":5,"schedule":[["Monday","23:00 - 07:00"],["Tuesday","23:00 - 07:00"],["Wednesday","07:00 - 23:00"],["Thursday","07:00 - 23:00"],["Friday","23:00 - 07:00"],["Sunday","07:00 - 23:00"]]}]
[3/18/2021, 10:02:26 PM] info: GET 304 /api/cashiers/TargetCashiers2 {} body {} size - - 1.957 ms

[3/18/2021, 10:02:31 PM] info: {}
[3/18/2021, 10:02:31 PM] info: [{"id":1,"name":"Bred","age":23,"sex":"male","shop":{"name":"ATB","address":"Vulytsya Vesnyana, Boryslav, Lviv Oblast, 82300"},"yearsOfExperience":12,"shopsOfExperience":[{"name":"Arsen","address":"Boryslav, Lviv Oblast, 82300"},{"name":"Silpo","address":"Vulytsya Vesn, Boryslav, Lviv Oblast, 82300"}],"cashRegister":1,"schedule":[["Monday","07:00 - 23:00"],["Tuesday","23:00 - 07:00"],["Thursday","07:00 - 23:00"],["Friday","07:00 - 23:00"],["Saturday","23:00 - 07:00"],["Sunday","07:00 - 23:00"]]},{"id":3,"name":"Ted","age":33,"sex":"male","shop":{"name":"ATB","address":"Naberezhna im. Vasylya Stefanyka St, 32, Ivano-Frankivsk, Ivano-Frankivsk Oblast, 76000"},"yearsOfExperience":14,"shopsOfExperience":[{"name":"Arsen","address":"Vulytsya Resnyana, Ivano-Frankivsk Oblast, 82300"},{"name":"ATB","address":"Vulytsya Vesnyana, Boryslav, Lviv Oblast, 82300"}],"cashRegister":2,"schedule":[["Monday","07:00 - 23:00"],["Tuesday","23:00 - 07:00"],["Wednesday","07:00 - 23:00"],["Friday","07:00 - 23:00"],["Saturday","23:00 - 07:00"],["Sunday","07:00 - 23:00"]]}]
[3/18/2021, 10:02:31 PM] info: GET 200 /api/cashiers/TargetCashiers1 {} body {} size 1063 - 3.241 ms

[3/18/2021, 10:06:19 PM] info: {}
[3/18/2021, 10:06:19 PM] info: GET 304 /api/cashiers/1 {} body {} size - - 47.996 ms

[3/18/2021, 10:06:24 PM] info: {}
[3/18/2021, 10:06:24 PM] info: [{"id":1,"name":"Bred","age":23,"sex":"male","shop":{"name":"ATB","address":"Vulytsya Vesnyana, Boryslav, Lviv Oblast, 82300"},"yearsOfExperience":12,"shopsOfExperience":[{"name":"Arsen","address":"Boryslav, Lviv Oblast, 82300"},{"name":"Silpo","address":"Vulytsya Vesn, Boryslav, Lviv Oblast, 82300"}],"cashRegister":1,"schedule":[["Monday","07:00 - 23:00"],["Tuesday","23:00 - 07:00"],["Thursday","07:00 - 23:00"],["Friday","07:00 - 23:00"],["Saturday","23:00 - 07:00"],["Sunday","07:00 - 23:00"]]},{"id":2,"name":"Nataly","age":43,"sex":"female","shop":{"name":"ATB","address":"Vulytsya Zolota, 7, Brody, Lviv Oblast, 80601"},"yearsOfExperience":2,"shopsOfExperience":[{"name":"Silpo","address":"Vulytsya Vesnyana, Boryslav, Lviv Oblast, 82300"},{"name":"ATB","address":"Vulytsya Vesn, Lviv , 82300"}],"cashRegister":3,"schedule":[["Monday","23:00 - 07:00"],["Tuesday","07:00 - 23:00"],["Wednesday","07:00 - 23:00"],["Saturday","23:00 - 07:00"],["Sunday","07:00 - 23:00"]]},{"id":3,"name":"Ted","age":33,"sex":"male","shop":{"name":"ATB","address":"Naberezhna im. Vasylya Stefanyka St, 32, Ivano-Frankivsk, Ivano-Frankivsk Oblast, 76000"},"yearsOfExperience":14,"shopsOfExperience":[{"name":"Arsen","address":"Vulytsya Resnyana, Ivano-Frankivsk Oblast, 82300"},{"name":"ATB","address":"Vulytsya Vesnyana, Boryslav, Lviv Oblast, 82300"}],"cashRegister":2,"schedule":[["Monday","07:00 - 23:00"],["Tuesday","23:00 - 07:00"],["Wednesday","07:00 - 23:00"],["Friday","07:00 - 23:00"],["Saturday","23:00 - 07:00"],["Sunday","07:00 - 23:00"]]},{"id":4,"name":"Taniy","age":19,"sex":"male","shop":{"name":"ATB","address":"Shevenka, 100, Lviv Oblast"},"yearsOfExperience":4,"shopsOfExperience":[{"name":"FSF","address":"Vulytsya Vesnyana, Boryslav, Lviv Oblast, 82300"},{"name":"ATB","address":"Vulytsya Vesnyana, Boryslav, Lviv Oblast, 82300"}],"cashRegister":3,"schedule":[["Monday","23:00 - 07:00"],["Tuesday","23:00 - 07:00"],["Wednesday","07:00 - 23:00"],["Thursday","23:00 - 07:00"],["Friday","07:00 - 23:00"],["Saturday","23:00 - 07:00"]]},{"id":5,"name":"Tonia","age":46,"sex":"female","shop":{"name":"ATB","address":"Shevenka, 100, Lviv Oblast"},"yearsOfExperience":3,"shopsOfExperience":[{"name":"Silpo","address":"Vulytsya Vesnyana, Lviv , 82300"},{"name":"Arsen","address":"Vulytsya Dana, Boryslav, Lviv Oblast, 82300"}],"cashRegister":5,"schedule":[["Monday","23:00 - 07:00"],["Tuesday","23:00 - 07:00"],["Wednesday","07:00 - 23:00"],["Thursday","07:00 - 23:00"],["Friday","23:00 - 07:00"],["Sunday","07:00 - 23:00"]]}]
[3/18/2021, 10:06:24 PM] info: GET 304 /api/cashiers/ {} body {} size - - 3.533 ms

